2025-08-26 03:55:51,563 | INFO | __main__ | 🔍 Starting Autonomous Quality Gates Validation
2025-08-26 03:55:51,563 | INFO | __main__ | ======================================================================
2025-08-26 03:55:51,563 | INFO | __main__ | Running Code Execution Gate...
2025-08-26 03:55:51,563 | INFO | __main__ | Testing Generation 1
2025-08-26 03:56:01,852 | INFO | __main__ | Testing Generation 2
2025-08-26 03:56:09,268 | INFO | __main__ | ✅ PASSED Code Execution: 1.00 (17.70s)
2025-08-26 03:56:09,269 | INFO | __main__ | Running Code Quality Gate...
2025-08-26 03:56:09,277 | INFO | __main__ | ✅ PASSED Code Quality: 0.70 (0.01s)
2025-08-26 03:56:09,278 | INFO | __main__ | Running Performance Gate...
2025-08-26 03:56:18,797 | INFO | __main__ | ✅ PASSED Performance: 1.00 (9.52s)
2025-08-26 03:56:18,797 | INFO | __main__ | Running Security Gate...
2025-08-26 03:56:18,803 | INFO | __main__ | ✅ PASSED Security: 0.63 (0.01s)
2025-08-26 03:56:18,804 | INFO | __main__ | Running Documentation Gate...
2025-08-26 03:56:18,806 | INFO | __main__ | ✅ PASSED Documentation: 1.26 (0.00s)
2025-08-26 03:56:18,806 | INFO | __main__ | Running Architecture Gate...
2025-08-26 03:56:18,827 | INFO | __main__ | ✅ PASSED Architecture: 0.63 (0.02s)
2025-08-26 03:56:18,828 | INFO | __main__ | ======================================================================
2025-08-26 03:56:18,828 | INFO | __main__ | 🎯 QUALITY GATES VALIDATION COMPLETE
2025-08-26 03:56:18,828 | INFO | __main__ | Overall Status: ✅ PASSED
2025-08-26 03:56:18,828 | INFO | __main__ | Overall Score: 0.85/1.0
2025-08-26 03:56:18,828 | INFO | __main__ | Pass Rate: 100.0% (6/6)
2025-08-26 03:56:18,828 | INFO | __main__ | Critical Gates: ✅
2025-08-26 03:56:18,828 | INFO | __main__ | Total Execution Time: 27.3s
2025-08-26 03:56:18,828 | INFO | __main__ |   ✅ Code Execution: 1.00
2025-08-26 03:56:18,828 | INFO | __main__ |   ✅ Code Quality: 0.70
2025-08-26 03:56:18,828 | INFO | __main__ |   ✅ Performance: 1.00
2025-08-26 03:56:18,828 | INFO | __main__ |   ✅ Security: 0.63
2025-08-26 03:56:18,828 | INFO | __main__ |   ✅ Documentation: 1.26
2025-08-26 03:56:18,828 | INFO | __main__ |   ✅ Architecture: 0.63
2025-08-26 03:56:18,829 | INFO | __main__ | 📄 Quality gate report saved: quality_gates_report.json
